{"C:\\Users\\askar\\IT-Prog\\homeWork\\vue\\src\\components\\Calculator.vue": {"path":"C:\\Users\\askar\\IT-Prog\\homeWork\\vue\\src\\components\\Calculator.vue","statementMap":{"0":{"start":{"line":80,"column":0},"end":{"line":80,"column":null}},"1":{"start":{"line":98,"column":0},"end":{"line":106,"column":null}},"2":{"start":{"line":99,"column":0},"end":{"line":99,"column":null}},"3":{"start":{"line":100,"column":0},"end":{"line":100,"column":null}},"4":{"start":{"line":101,"column":0},"end":{"line":101,"column":null}},"5":{"start":{"line":103,"column":0},"end":{"line":103,"column":null}},"6":{"start":{"line":104,"column":0},"end":{"line":104,"column":null}},"7":{"start":{"line":105,"column":0},"end":{"line":105,"column":null}},"8":{"start":{"line":109,"column":0},"end":{"line":117,"column":null}},"9":{"start":{"line":110,"column":0},"end":{"line":110,"column":null}},"10":{"start":{"line":111,"column":0},"end":{"line":111,"column":null}},"11":{"start":{"line":112,"column":0},"end":{"line":112,"column":null}},"12":{"start":{"line":114,"column":0},"end":{"line":114,"column":null}},"13":{"start":{"line":115,"column":0},"end":{"line":115,"column":null}},"14":{"start":{"line":116,"column":0},"end":{"line":116,"column":null}},"15":{"start":{"line":120,"column":0},"end":{"line":120,"column":null}},"16":{"start":{"line":122,"column":0},"end":{"line":122,"column":null}},"17":{"start":{"line":124,"column":0},"end":{"line":124,"column":null}},"18":{"start":{"line":126,"column":0},"end":{"line":126,"column":null}},"19":{"start":{"line":128,"column":0},"end":{"line":130,"column":null}},"20":{"start":{"line":129,"column":0},"end":{"line":129,"column":null}},"21":{"start":{"line":131,"column":0},"end":{"line":131,"column":null}},"22":{"start":{"line":132,"column":0},"end":{"line":132,"column":null}},"23":{"start":{"line":134,"column":0},"end":{"line":134,"column":null}},"24":{"start":{"line":136,"column":0},"end":{"line":138,"column":null}},"25":{"start":{"line":137,"column":0},"end":{"line":137,"column":null}},"26":{"start":{"line":139,"column":0},"end":{"line":139,"column":null}},"27":{"start":{"line":140,"column":0},"end":{"line":140,"column":null}}},"fnMap":{"0":{"name":"(anonymous_1)","decl":{"start":{"line":79,"column":0},"end":{"line":79,"column":null}},"loc":{"start":{"line":79,"column":0},"end":{"line":95,"column":null}}},"1":{"name":"(anonymous_2)","decl":{"start":{"line":97,"column":0},"end":{"line":97,"column":null}},"loc":{"start":{"line":97,"column":0},"end":{"line":107,"column":null}}},"2":{"name":"(anonymous_3)","decl":{"start":{"line":108,"column":0},"end":{"line":108,"column":null}},"loc":{"start":{"line":108,"column":0},"end":{"line":118,"column":null}}},"3":{"name":"(anonymous_4)","decl":{"start":{"line":119,"column":0},"end":{"line":119,"column":null}},"loc":{"start":{"line":119,"column":0},"end":{"line":142,"column":null}}}},"branchMap":{"0":{"loc":{"start":{"line":98,"column":0},"end":{"line":106,"column":null}},"type":"if","locations":[{"start":{"line":98,"column":0},"end":{"line":106,"column":null}},{"start":{"line":98,"column":0},"end":{"line":106,"column":null}}]},"1":{"loc":{"start":{"line":109,"column":0},"end":{"line":117,"column":null}},"type":"if","locations":[{"start":{"line":109,"column":0},"end":{"line":117,"column":null}},{"start":{"line":109,"column":0},"end":{"line":117,"column":null}}]},"2":{"loc":{"start":{"line":121,"column":0},"end":{"line":122,"column":null}},"type":"switch","locations":[{"start":{"line":121,"column":0},"end":{"line":122,"column":null}},{"start":{"line":123,"column":0},"end":{"line":124,"column":null}},{"start":{"line":125,"column":0},"end":{"line":126,"column":null}},{"start":{"line":127,"column":0},"end":{"line":132,"column":null}},{"start":{"line":133,"column":0},"end":{"line":134,"column":null}},{"start":{"line":135,"column":0},"end":{"line":140,"column":null}}]},"3":{"loc":{"start":{"line":128,"column":0},"end":{"line":130,"column":null}},"type":"if","locations":[{"start":{"line":128,"column":0},"end":{"line":130,"column":null}},{"start":{"line":128,"column":0},"end":{"line":130,"column":null}}]},"4":{"loc":{"start":{"line":136,"column":0},"end":{"line":138,"column":null}},"type":"if","locations":[{"start":{"line":136,"column":0},"end":{"line":138,"column":null}},{"start":{"line":136,"column":0},"end":{"line":138,"column":null}}]}},"s":{"0":14,"1":3,"2":1,"3":1,"4":1,"5":2,"6":2,"7":2,"8":2,"9":1,"10":1,"11":1,"12":1,"13":1,"14":1,"15":8,"16":1,"17":1,"18":1,"19":2,"20":1,"21":1,"22":1,"23":1,"24":2,"25":1,"26":1,"27":1},"f":{"0":14,"1":3,"2":2,"3":8},"b":{"0":[1,2],"1":[1,1],"2":[1,1,1,2,1,2],"3":[1,1],"4":[1,1]}}
}
