TN:
SF:C:\Users\askar\IT-Prog\homeWork\vue\src\components\Calculator.vue
FN:79,(anonymous_1)
FN:97,(anonymous_2)
FN:108,(anonymous_3)
FN:119,(anonymous_4)
FNF:4
FNH:4
FNDA:14,(anonymous_1)
FNDA:3,(anonymous_2)
FNDA:2,(anonymous_3)
FNDA:8,(anonymous_4)
DA:80,14
DA:98,3
DA:99,1
DA:100,1
DA:101,1
DA:103,2
DA:104,2
DA:105,2
DA:109,2
DA:110,1
DA:111,1
DA:112,1
DA:114,1
DA:115,1
DA:116,1
DA:120,8
DA:122,1
DA:124,1
DA:126,1
DA:128,2
DA:129,1
DA:131,1
DA:132,1
DA:134,1
DA:136,2
DA:137,1
DA:139,1
DA:140,1
LF:28
LH:28
BRDA:98,0,0,1
BRDA:98,0,1,2
BRDA:109,1,0,1
BRDA:109,1,1,1
BRDA:121,2,0,1
BRDA:121,2,1,1
BRDA:121,2,2,1
BRDA:121,2,3,2
BRDA:121,2,4,1
BRDA:121,2,5,2
BRDA:128,3,0,1
BRDA:128,3,1,1
BRDA:136,4,0,1
BRDA:136,4,1,1
BRF:14
BRH:14
end_of_record
